<?xml version="1.0" encoding="UTF-8"?>
<!-- Generated by org.testng.reporters.JUnitXMLReporter -->
<testsuite ignored="0" hostname="ABS-Macbook-Pro.local" failures="0" tests="5" name="InsiderE2ETests" time="203.563" errors="0" timestamp="2025-10-31T00:14:37 GMT+03:00">
  <testcase classname="tests.InsiderE2ETests" name="test01_VerifyInsiderHomePageOpened" time="0.045"/>
  <testcase classname="tests.InsiderE2ETests" name="test02_VerifyCareersPageAndSections" time="17.362"/>
  <testcase classname="tests.InsiderE2ETests" name="test03_VerifyQAJobsFiltering" time="40.756"/>
  <testcase classname="tests.InsiderE2ETests" name="test04_VerifyJobDetails" time="28.928"/>
  <testcase classname="tests.InsiderE2ETests" name="test05_VerifyLeverApplicationRedirect" time="42.078"/>
</testsuite> <!-- InsiderE2ETests -->
