<?xml version="1.0" encoding="UTF-8"?>
<!-- Generated by org.testng.reporters.JUnitXMLReporter -->
<testsuite ignored="0" hostname="ABS-Macbook-Pro.local" failures="0" tests="5" name="InsiderE2ETests" time="197.538" errors="0" timestamp="2025-10-04T23:41:49 GMT+03:00">
  <testcase classname="tests.InsiderE2ETests" name="test01_VerifyInsiderHomePageOpened" time="0.065"/>
  <testcase classname="tests.InsiderE2ETests" name="test02_VerifyCareersPageAndSections" time="18.629"/>
  <testcase classname="tests.InsiderE2ETests" name="test03_VerifyQAJobsFiltering" time="39.56"/>
  <testcase classname="tests.InsiderE2ETests" name="test04_VerifyJobDetails" time="29.135"/>
  <testcase classname="tests.InsiderE2ETests" name="test05_VerifyLeverApplicationRedirect" time="42.475"/>
</testsuite> <!-- InsiderE2ETests -->
